{"C:\\Users\\vasanthi\\Desktop\\vue\\WS.Web.Spa\\src\\App.vue": {"path":"C:\\Users\\vasanthi\\Desktop\\vue\\WS.Web.Spa\\src\\App.vue","statementMap":{"0":{"start":{"line":8,"column":0},"end":{"line":8,"column":null}}},"fnMap":{},"branchMap":{},"s":{"0":0},"f":{},"b":{}}
,"C:\\Users\\vasanthi\\Desktop\\vue\\WS.Web.Spa\\src\\components\\CarouselComponent.vue": {"path":"C:\\Users\\vasanthi\\Desktop\\vue\\WS.Web.Spa\\src\\components\\CarouselComponent.vue","statementMap":{"0":{"start":{"line":48,"column":0},"end":{"line":48,"column":null}},"1":{"start":{"line":54,"column":0},"end":{"line":54,"column":null}},"2":{"start":{"line":55,"column":0},"end":{"line":59,"column":null}},"3":{"start":{"line":56,"column":0},"end":{"line":58,"column":null}},"4":{"start":{"line":57,"column":0},"end":{"line":57,"column":null}},"5":{"start":{"line":60,"column":0},"end":{"line":60,"column":null}},"6":{"start":{"line":63,"column":0},"end":{"line":63,"column":null}},"7":{"start":{"line":68,"column":0},"end":{"line":68,"column":null}},"8":{"start":{"line":71,"column":0},"end":{"line":71,"column":null}},"9":{"start":{"line":74,"column":0},"end":{"line":74,"column":null}},"10":{"start":{"line":77,"column":0},"end":{"line":77,"column":null}},"11":{"start":{"line":78,"column":0},"end":{"line":80,"column":null}},"12":{"start":{"line":79,"column":0},"end":{"line":79,"column":null}},"13":{"start":{"line":81,"column":0},"end":{"line":83,"column":null}},"14":{"start":{"line":82,"column":0},"end":{"line":82,"column":null}},"15":{"start":{"line":84,"column":0},"end":{"line":84,"column":null}},"16":{"start":{"line":87,"column":0},"end":{"line":87,"column":null}},"17":{"start":{"line":90,"column":0},"end":{"line":90,"column":null}}},"fnMap":{"0":{"name":"(anonymous_1)","decl":{"start":{"line":47,"column":0},"end":{"line":47,"column":null}},"loc":{"start":{"line":47,"column":0},"end":{"line":51,"column":null}}},"1":{"name":"(anonymous_2)","decl":{"start":{"line":53,"column":0},"end":{"line":53,"column":null}},"loc":{"start":{"line":53,"column":0},"end":{"line":61,"column":null}}},"2":{"name":"(anonymous_3)","decl":{"start":{"line":56,"column":0},"end":{"line":56,"column":null}},"loc":{"start":{"line":56,"column":0},"end":{"line":58,"column":null}}},"3":{"name":"(anonymous_4)","decl":{"start":{"line":62,"column":0},"end":{"line":62,"column":null}},"loc":{"start":{"line":62,"column":0},"end":{"line":64,"column":null}}},"4":{"name":"(anonymous_5)","decl":{"start":{"line":67,"column":0},"end":{"line":67,"column":null}},"loc":{"start":{"line":67,"column":0},"end":{"line":69,"column":null}}},"5":{"name":"(anonymous_6)","decl":{"start":{"line":70,"column":0},"end":{"line":70,"column":null}},"loc":{"start":{"line":70,"column":0},"end":{"line":72,"column":null}}},"6":{"name":"(anonymous_7)","decl":{"start":{"line":73,"column":0},"end":{"line":73,"column":null}},"loc":{"start":{"line":73,"column":0},"end":{"line":75,"column":null}}},"7":{"name":"(anonymous_8)","decl":{"start":{"line":76,"column":0},"end":{"line":76,"column":null}},"loc":{"start":{"line":76,"column":0},"end":{"line":85,"column":null}}},"8":{"name":"(anonymous_9)","decl":{"start":{"line":86,"column":0},"end":{"line":86,"column":null}},"loc":{"start":{"line":86,"column":0},"end":{"line":88,"column":null}}},"9":{"name":"(anonymous_10)","decl":{"start":{"line":89,"column":0},"end":{"line":89,"column":null}},"loc":{"start":{"line":89,"column":0},"end":{"line":91,"column":null}}}},"branchMap":{"0":{"loc":{"start":{"line":55,"column":0},"end":{"line":59,"column":null}},"type":"if","locations":[{"start":{"line":55,"column":0},"end":{"line":59,"column":null}},{"start":{"line":55,"column":0},"end":{"line":59,"column":null}}]},"1":{"loc":{"start":{"line":55,"column":0},"end":{"line":55,"column":null}},"type":"binary-expr","locations":[{"start":{"line":55,"column":0},"end":{"line":55,"column":null}},{"start":{"line":55,"column":0},"end":{"line":55,"column":null}}]},"2":{"loc":{"start":{"line":57,"column":0},"end":{"line":57,"column":null}},"type":"cond-expr","locations":[{"start":{"line":57,"column":0},"end":{"line":57,"column":null}},{"start":{"line":57,"column":0},"end":{"line":57,"column":null}}]},"3":{"loc":{"start":{"line":63,"column":0},"end":{"line":63,"column":null}},"type":"cond-expr","locations":[{"start":{"line":63,"column":0},"end":{"line":63,"column":null}},{"start":{"line":63,"column":0},"end":{"line":63,"column":null}}]},"4":{"loc":{"start":{"line":63,"column":0},"end":{"line":63,"column":null}},"type":"binary-expr","locations":[{"start":{"line":63,"column":0},"end":{"line":63,"column":null}},{"start":{"line":63,"column":0},"end":{"line":63,"column":null}},{"start":{"line":63,"column":0},"end":{"line":63,"column":null}}]},"5":{"loc":{"start":{"line":78,"column":0},"end":{"line":80,"column":null}},"type":"if","locations":[{"start":{"line":78,"column":0},"end":{"line":80,"column":null}},{"start":{"line":78,"column":0},"end":{"line":80,"column":null}}]},"6":{"loc":{"start":{"line":81,"column":0},"end":{"line":83,"column":null}},"type":"if","locations":[{"start":{"line":81,"column":0},"end":{"line":83,"column":null}},{"start":{"line":81,"column":0},"end":{"line":83,"column":null}}]},"7":{"loc":{"start":{"line":90,"column":0},"end":{"line":90,"column":null}},"type":"binary-expr","locations":[{"start":{"line":90,"column":0},"end":{"line":90,"column":null}},{"start":{"line":90,"column":0},"end":{"line":90,"column":null}}]}},"s":{"0":10,"1":10,"2":10,"3":10,"4":20,"5":10,"6":10,"7":2,"8":0,"9":0,"10":2,"11":2,"12":1,"13":2,"14":1,"15":2,"16":2,"17":32},"f":{"0":10,"1":10,"2":20,"3":10,"4":2,"5":0,"6":0,"7":2,"8":2,"9":32},"b":{"0":[10,0],"1":[10,10],"2":[20,0],"3":[10,0],"4":[10,10,10],"5":[1,1],"6":[1,1],"7":[32,32]}}
,"C:\\Users\\vasanthi\\Desktop\\vue\\WS.Web.Spa\\src\\components\\ProductTilesComponent.vue": {"path":"C:\\Users\\vasanthi\\Desktop\\vue\\WS.Web.Spa\\src\\components\\ProductTilesComponent.vue","statementMap":{"0":{"start":{"line":48,"column":0},"end":{"line":48,"column":null}},"1":{"start":{"line":52,"column":0},"end":{"line":52,"column":null}},"2":{"start":{"line":62,"column":0},"end":{"line":62,"column":null}},"3":{"start":{"line":66,"column":0},"end":{"line":66,"column":null}},"4":{"start":{"line":70,"column":0},"end":{"line":70,"column":null}},"5":{"start":{"line":71,"column":0},"end":{"line":71,"column":null}},"6":{"start":{"line":72,"column":0},"end":{"line":72,"column":null}},"7":{"start":{"line":75,"column":0},"end":{"line":75,"column":null}},"8":{"start":{"line":76,"column":0},"end":{"line":76,"column":null}}},"fnMap":{"0":{"name":"(anonymous_1)","decl":{"start":{"line":51,"column":0},"end":{"line":51,"column":null}},"loc":{"start":{"line":51,"column":0},"end":{"line":56,"column":null}}},"1":{"name":"(anonymous_2)","decl":{"start":{"line":61,"column":0},"end":{"line":61,"column":null}},"loc":{"start":{"line":61,"column":0},"end":{"line":63,"column":null}}},"2":{"name":"(anonymous_3)","decl":{"start":{"line":65,"column":0},"end":{"line":65,"column":null}},"loc":{"start":{"line":65,"column":0},"end":{"line":67,"column":null}}},"3":{"name":"(anonymous_4)","decl":{"start":{"line":69,"column":0},"end":{"line":69,"column":null}},"loc":{"start":{"line":69,"column":0},"end":{"line":73,"column":null}}},"4":{"name":"(anonymous_5)","decl":{"start":{"line":74,"column":0},"end":{"line":74,"column":null}},"loc":{"start":{"line":74,"column":0},"end":{"line":77,"column":null}}}},"branchMap":{},"s":{"0":1,"1":4,"2":0,"3":4,"4":1,"5":1,"6":1,"7":21,"8":21},"f":{"0":4,"1":0,"2":4,"3":1,"4":21},"b":{}}
,"C:\\Users\\vasanthi\\Desktop\\vue\\WS.Web.Spa\\src\\store\\index.js": {"path":"C:\\Users\\vasanthi\\Desktop\\vue\\WS.Web.Spa\\src\\store\\index.js","statementMap":{"0":{"start":{"line":4,"column":0},"end":{"line":4,"column":14}},"1":{"start":{"line":12,"column":6},"end":{"line":12,"column":32}},"2":{"start":{"line":17,"column":6},"end":{"line":17,"column":28}},"3":{"start":{"line":22,"column":6},"end":{"line":32,"column":11}},"4":{"start":{"line":24,"column":10},"end":{"line":24,"column":33}},"5":{"start":{"line":27,"column":10},"end":{"line":27,"column":52}},"6":{"start":{"line":30,"column":10},"end":{"line":30,"column":29}},"7":{"start":{"line":31,"column":10},"end":{"line":31,"column":32}}},"fnMap":{"0":{"name":"(anonymous_0)","decl":{"start":{"line":11,"column":4},"end":{"line":11,"column":5}},"loc":{"start":{"line":11,"column":33},"end":{"line":13,"column":5}},"line":11},"1":{"name":"(anonymous_1)","decl":{"start":{"line":16,"column":4},"end":{"line":16,"column":5}},"loc":{"start":{"line":16,"column":23},"end":{"line":18,"column":5}},"line":16},"2":{"name":"(anonymous_2)","decl":{"start":{"line":21,"column":4},"end":{"line":21,"column":5}},"loc":{"start":{"line":21,"column":26},"end":{"line":33,"column":5}},"line":21},"3":{"name":"(anonymous_3)","decl":{"start":{"line":23,"column":14},"end":{"line":23,"column":15}},"loc":{"start":{"line":23,"column":28},"end":{"line":25,"column":9}},"line":23},"4":{"name":"(anonymous_4)","decl":{"start":{"line":26,"column":14},"end":{"line":26,"column":15}},"loc":{"start":{"line":26,"column":23},"end":{"line":28,"column":9}},"line":26},"5":{"name":"(anonymous_5)","decl":{"start":{"line":29,"column":15},"end":{"line":29,"column":16}},"loc":{"start":{"line":29,"column":26},"end":{"line":32,"column":9}},"line":29}},"branchMap":{},"s":{"0":0,"1":0,"2":0,"3":0,"4":0,"5":0,"6":0,"7":0},"f":{"0":0,"1":0,"2":0,"3":0,"4":0,"5":0},"b":{},"hash":"fb7f0a0f4b19ae130a56f11ffba81b8131052645"}
}
