TN:
SF:C:\Users\vasanthi\Desktop\vue\WS.Web.Spa\src\App.vue
FNF:0
FNH:0
DA:8,0
LF:1
LH:0
BRF:0
BRH:0
end_of_record
TN:
SF:C:\Users\vasanthi\Desktop\vue\WS.Web.Spa\src\components\CarouselComponent.vue
FN:47,(anonymous_1)
FN:53,(anonymous_2)
FN:56,(anonymous_3)
FN:62,(anonymous_4)
FN:67,(anonymous_5)
FN:70,(anonymous_6)
FN:73,(anonymous_7)
FN:76,(anonymous_8)
FN:86,(anonymous_9)
FN:89,(anonymous_10)
FNF:10
FNH:8
FNDA:6,(anonymous_1)
FNDA:6,(anonymous_2)
FNDA:12,(anonymous_3)
FNDA:6,(anonymous_4)
FNDA:2,(anonymous_5)
FNDA:0,(anonymous_6)
FNDA:0,(anonymous_7)
FNDA:2,(anonymous_8)
FNDA:2,(anonymous_9)
FNDA:16,(anonymous_10)
DA:48,6
DA:54,6
DA:55,6
DA:56,6
DA:57,12
DA:60,6
DA:63,6
DA:68,2
DA:71,0
DA:74,0
DA:77,2
DA:78,2
DA:79,1
DA:81,2
DA:82,1
DA:84,2
DA:87,2
DA:90,16
LF:18
LH:16
BRDA:55,0,0,6
BRDA:55,0,1,0
BRDA:55,1,0,6
BRDA:55,1,1,6
BRDA:57,2,0,12
BRDA:57,2,1,0
BRDA:63,3,0,6
BRDA:63,3,1,0
BRDA:63,4,0,6
BRDA:63,4,1,6
BRDA:63,4,2,6
BRDA:78,5,0,1
BRDA:78,5,1,1
BRDA:81,6,0,1
BRDA:81,6,1,1
BRDA:90,7,0,16
BRDA:90,7,1,16
BRF:17
BRH:14
end_of_record
TN:
SF:C:\Users\vasanthi\Desktop\vue\WS.Web.Spa\src\components\ProductTilesComponent.vue
FN:49,(anonymous_1)
FN:59,(anonymous_2)
FN:63,(anonymous_3)
FN:67,(anonymous_4)
FN:72,(anonymous_5)
FNF:5
FNH:4
FNDA:4,(anonymous_1)
FNDA:0,(anonymous_2)
FNDA:4,(anonymous_3)
FNDA:1,(anonymous_4)
FNDA:21,(anonymous_5)
DA:46,1
DA:50,4
DA:60,0
DA:64,4
DA:68,1
DA:69,1
DA:70,1
DA:73,21
LF:8
LH:7
BRF:0
BRH:0
end_of_record
TN:
SF:C:\Users\vasanthi\Desktop\vue\WS.Web.Spa\src\store\index.js
FN:11,(anonymous_0)
FN:16,(anonymous_1)
FN:21,(anonymous_2)
FN:23,(anonymous_3)
FN:26,(anonymous_4)
FN:29,(anonymous_5)
FNF:6
FNH:0
FNDA:0,(anonymous_0)
FNDA:0,(anonymous_1)
FNDA:0,(anonymous_2)
FNDA:0,(anonymous_3)
FNDA:0,(anonymous_4)
FNDA:0,(anonymous_5)
DA:4,0
DA:12,0
DA:17,0
DA:22,0
DA:24,0
DA:27,0
DA:30,0
DA:31,0
LF:8
LH:0
BRF:0
BRH:0
end_of_record
